# JRE version: OpenJDK Runtime Environment (17.0.11) (build 17.0.11+0--11852314)
# Java VM: OpenJDK 64-Bit Server VM (17.0.11+0--11852314, mixed mode, tiered, compressed oops, compressed class ptrs, g1 gc, windows-amd64)
GC Precious Log:
 CPUs: 6 total, 6 available
 Memory: 7549M
 Large Page Support: Disabled
 NUMA Support: Disabled
 Compressed Oops: Enabled (32-bit)
 Heap Region Size: 1M
 Heap Min Capacity: 8M
 Heap Initial Capacity: 118M
 Heap Max Capacity: 2G
 Pre-touch: Disabled
 Parallel Workers: 6
 Concurrent Workers: 2
 Concurrent Refinement Workers: 6
 Periodic GC: Disabled
Heap:
 garbage-first heap   total 242688K, used 145408K [0x0000000080000000, 0x0000000100000000)
  region size 1024K, 9 young (9216K), 9 survivors (9216K)
 Metaspace       used 130973K, committed 132096K, reserved 1179648K
  class space    used 18232K, committed 18816K, reserved 1048576K
GC Heap History (20 events):
Event: 270.337 GC heap after
{Heap after GC invocations=58 (full 0):
 garbage-first heap   total 240640K, used 135503K [0x0000000080000000, 0x0000000100000000)
  region size 1024K, 1 young (1024K), 1 survivors (1024K)
 Metaspace       used 128802K, committed 129856K, reserved 1179648K
  class space    used 18152K, committed 18688K, reserved 1048576K
}
Event: 271.033 GC heap before
{Heap before GC invocations=58 (full 0):
 garbage-first heap   total 240640K, used 196943K [0x0000000080000000, 0x0000000100000000)
  region size 1024K, 62 young (63488K), 1 survivors (1024K)
 Metaspace       used 129131K, committed 130240K, reserved 1179648K
  class space    used 18181K, committed 18688K, reserved 1048576K
}
Event: 271.042 GC heap after
{Heap after GC invocations=59 (full 0):
 garbage-first heap   total 240640K, used 144223K [0x0000000080000000, 0x0000000100000000)
  region size 1024K, 8 young (8192K), 8 survivors (8192K)
 Metaspace       used 129131K, committed 130240K, reserved 1179648K
  class space    used 18181K, committed 18688K, reserved 1048576K
}
Event: 504.517 GC heap before
{Heap before GC invocations=60 (full 0):
 garbage-first heap   total 242688K, used 193375K [0x0000000080000000, 0x0000000100000000)
  region size 1024K, 61 young (62464K), 8 survivors (8192K)
 Metaspace       used 129362K, committed 130496K, reserved 1179648K
  class space    used 18205K, committed 18752K, reserved 1048576K
}
Event: 504.840 GC heap after
{Heap after GC invocations=61 (full 0):
 garbage-first heap   total 242688K, used 143399K [0x0000000080000000, 0x0000000100000000)
  region size 1024K, 5 young (5120K), 5 survivors (5120K)
 Metaspace       used 129362K, committed 130496K, reserved 1179648K
  class space    used 18205K, committed 18752K, reserved 1048576K
}
Event: 505.048 GC heap before
{Heap before GC invocations=61 (full 0):
 garbage-first heap   total 242688K, used 148519K [0x0000000080000000, 0x0000000100000000)
  region size 1024K, 11 young (11264K), 5 survivors (5120K)
 Metaspace       used 129366K, committed 130496K, reserved 1179648K
  class space    used 18205K, committed 18752K, reserved 1048576K
}
Event: 505.169 GC heap after
{Heap after GC invocations=62 (full 0):
 garbage-first heap   total 242688K, used 128568K [0x0000000080000000, 0x0000000100000000)
  region size 1024K, 2 young (2048K), 2 survivors (2048K)
 Metaspace       used 129366K, committed 130496K, reserved 1179648K
  class space    used 18205K, committed 18752K, reserved 1048576K
}
Event: 511.565 GC heap before
{Heap before GC invocations=62 (full 0):
 garbage-first heap   total 242688K, used 195128K [0x0000000080000000, 0x0000000100000000)
  region size 1024K, 68 young (69632K), 2 survivors (2048K)
 Metaspace       used 129666K, committed 130752K, reserved 1179648K
  class space    used 18206K, committed 18752K, reserved 1048576K
}
Event: 511.587 GC heap after
{Heap after GC invocations=63 (full 0):
 garbage-first heap   total 242688K, used 135633K [0x0000000080000000, 0x0000000100000000)
  region size 1024K, 9 young (9216K), 9 survivors (9216K)
 Metaspace       used 129666K, committed 130752K, reserved 1179648K
  class space    used 18206K, committed 18752K, reserved 1048576K
}
Event: 547.130 GC heap before
{Heap before GC invocations=64 (full 0):
 garbage-first heap   total 242688K, used 207313K [0x0000000080000000, 0x0000000100000000)
  region size 1024K, 69 young (70656K), 9 survivors (9216K)
 Metaspace       used 130167K, committed 131264K, reserved 1179648K
  class space    used 18211K, committed 18752K, reserved 1048576K
}
Event: 547.227 GC heap after
{Heap after GC invocations=65 (full 0):
 garbage-first heap   total 242688K, used 135372K [0x0000000080000000, 0x0000000100000000)
  region size 1024K, 2 young (2048K), 2 survivors (2048K)
 Metaspace       used 130167K, committed 131264K, reserved 1179648K
  class space    used 18211K, committed 18752K, reserved 1048576K
}
Event: 547.570 GC heap before
{Heap before GC invocations=65 (full 0):
 garbage-first heap   total 242688K, used 144588K [0x0000000080000000, 0x0000000100000000)
  region size 1024K, 11 young (11264K), 2 survivors (2048K)
 Metaspace       used 130174K, committed 131264K, reserved 1179648K
  class space    used 18211K, committed 18752K, reserved 1048576K
}
Event: 547.617 GC heap after
{Heap after GC invocations=66 (full 0):
 garbage-first heap   total 242688K, used 127167K [0x0000000080000000, 0x0000000100000000)
  region size 1024K, 2 young (2048K), 2 survivors (2048K)
 Metaspace       used 130174K, committed 131264K, reserved 1179648K
  class space    used 18211K, committed 18752K, reserved 1048576K
}
Event: 548.968 GC heap before
{Heap before GC invocations=66 (full 0):
 garbage-first heap   total 242688K, used 196799K [0x0000000080000000, 0x0000000100000000)
  region size 1024K, 71 young (72704K), 2 survivors (2048K)
 Metaspace       used 130435K, committed 131648K, reserved 1179648K
  class space    used 18229K, committed 18816K, reserved 1048576K
}
Event: 549.000 GC heap after
{Heap after GC invocations=67 (full 0):
 garbage-first heap   total 242688K, used 136078K [0x0000000080000000, 0x0000000100000000)
  region size 1024K, 9 young (9216K), 9 survivors (9216K)
 Metaspace       used 130435K, committed 131648K, reserved 1179648K
  class space    used 18229K, committed 18816K, reserved 1048576K
}
Event: 561.984 GC heap before
{Heap before GC invocations=68 (full 0):
 garbage-first heap   total 242688K, used 209805K [0x0000000080000000, 0x0000000100000000)
  region size 1024K, 70 young (71680K), 9 survivors (9216K)
 Metaspace       used 130750K, committed 131904K, reserved 1179648K
  class space    used 18231K, committed 18816K, reserved 1048576K
}
Event: 562.023 GC heap after
{Heap after GC invocations=69 (full 0):
 garbage-first heap   total 242688K, used 137409K [0x0000000080000000, 0x0000000100000000)
  region size 1024K, 2 young (2048K), 2 survivors (2048K)
 Metaspace       used 130750K, committed 131904K, reserved 1179648K
  class space    used 18231K, committed 18816K, reserved 1048576K
}
Event: 562.154 GC heap before
{Heap before GC invocations=69 (full 0):
 garbage-first heap   total 242688K, used 146625K [0x0000000080000000, 0x0000000100000000)
  region size 1024K, 11 young (11264K), 2 survivors (2048K)
 Metaspace       used 130774K, committed 131904K, reserved 1179648K
  class space    used 18231K, committed 18816K, reserved 1048576K
}
Event: 562.166 GC heap after
{Heap after GC invocations=70 (full 0):
 garbage-first heap   total 242688K, used 136421K [0x0000000080000000, 0x0000000100000000)
  region size 1024K, 2 young (2048K), 2 survivors (2048K)
 Metaspace       used 130774K, committed 131904K, reserved 1179648K
  class space    used 18231K, committed 18816K, reserved 1048576K
}
Event: 563.117 GC heap before
{Heap before GC invocations=70 (full 0):
 garbage-first heap   total 242688K, used 200933K [0x0000000080000000, 0x0000000100000000)
  region size 1024K, 65 young (66560K), 2 survivors (2048K)
 Metaspace       used 130973K, committed 132096K, reserved 1179648K
  class space    used 18232K, committed 18816K, reserved 1048576K
}

