# JRE version: OpenJDK Runtime Environment (17.0.11) (build 17.0.11+0--11852314)
# Java VM: OpenJDK 64-Bit Server VM (17.0.11+0--11852314, mixed mode, tiered, compressed oops, compressed class ptrs, g1 gc, windows-amd64)
GC Precious Log:
 CPUs: 6 total, 6 available
 Memory: 7549M
 Large Page Support: Disabled
 NUMA Support: Disabled
 Compressed Oops: Enabled (32-bit)
 Heap Region Size: 1M
 Heap Min Capacity: 8M
 Heap Initial Capacity: 118M
 Heap Max Capacity: 2G
 Pre-touch: Disabled
 Parallel Workers: 6
 Concurrent Workers: 2
 Concurrent Refinement Workers: 6
 Periodic GC: Disabled
Heap:
 garbage-first heap   total 245760K, used 155965K [0x0000000080000000, 0x0000000100000000)
  region size 1024K, 70 young (71680K), 6 survivors (6144K)
 Metaspace       used 96934K, committed 97600K, reserved 1179648K
  class space    used 13489K, committed 13824K, reserved 1048576K
GC Heap History (20 events):
Event: 9.598 GC heap before
{Heap before GC invocations=27 (full 0):
 garbage-first heap   total 152576K, used 103721K [0x0000000080000000, 0x0000000100000000)
  region size 1024K, 36 young (36864K), 2 survivors (2048K)
 Metaspace       used 67296K, committed 67968K, reserved 1114112K
  class space    used 9132K, committed 9472K, reserved 1048576K
}
Event: 9.602 GC heap after
{Heap after GC invocations=28 (full 0):
 garbage-first heap   total 152576K, used 69993K [0x0000000080000000, 0x0000000100000000)
  region size 1024K, 6 young (6144K), 6 survivors (6144K)
 Metaspace       used 67296K, committed 67968K, reserved 1114112K
  class space    used 9132K, committed 9472K, reserved 1048576K
}
Event: 10.042 GC heap before
{Heap before GC invocations=28 (full 0):
 garbage-first heap   total 152576K, used 114025K [0x0000000080000000, 0x0000000100000000)
  region size 1024K, 48 young (49152K), 6 survivors (6144K)
 Metaspace       used 70374K, committed 70976K, reserved 1114112K
  class space    used 9549K, committed 9856K, reserved 1048576K
}
Event: 10.047 GC heap after
{Heap after GC invocations=29 (full 0):
 garbage-first heap   total 152576K, used 73188K [0x0000000080000000, 0x0000000100000000)
  region size 1024K, 3 young (3072K), 3 survivors (3072K)
 Metaspace       used 70374K, committed 70976K, reserved 1114112K
  class space    used 9549K, committed 9856K, reserved 1048576K
}
Event: 10.382 GC heap before
{Heap before GC invocations=29 (full 0):
 garbage-first heap   total 152576K, used 99812K [0x0000000080000000, 0x0000000100000000)
  region size 1024K, 30 young (30720K), 3 survivors (3072K)
 Metaspace       used 73229K, committed 73856K, reserved 1114112K
  class space    used 9923K, committed 10240K, reserved 1048576K
}
Event: 10.386 GC heap after
{Heap after GC invocations=30 (full 0):
 garbage-first heap   total 152576K, used 75092K [0x0000000080000000, 0x0000000100000000)
  region size 1024K, 4 young (4096K), 4 survivors (4096K)
 Metaspace       used 73229K, committed 73856K, reserved 1114112K
  class space    used 9923K, committed 10240K, reserved 1048576K
}
Event: 10.846 GC heap before
{Heap before GC invocations=31 (full 0):
 garbage-first heap   total 152576K, used 123220K [0x0000000080000000, 0x0000000100000000)
  region size 1024K, 47 young (48128K), 4 survivors (4096K)
 Metaspace       used 77582K, committed 78208K, reserved 1179648K
  class space    used 10541K, committed 10816K, reserved 1048576K
}
Event: 10.849 GC heap after
{Heap after GC invocations=32 (full 0):
 garbage-first heap   total 152576K, used 81279K [0x0000000080000000, 0x0000000100000000)
  region size 1024K, 4 young (4096K), 4 survivors (4096K)
 Metaspace       used 77582K, committed 78208K, reserved 1179648K
  class space    used 10541K, committed 10816K, reserved 1048576K
}
Event: 10.877 GC heap before
{Heap before GC invocations=32 (full 0):
 garbage-first heap   total 152576K, used 84351K [0x0000000080000000, 0x0000000100000000)
  region size 1024K, 7 young (7168K), 4 survivors (4096K)
 Metaspace       used 77936K, committed 78528K, reserved 1179648K
  class space    used 10596K, committed 10880K, reserved 1048576K
}
Event: 10.880 GC heap after
{Heap after GC invocations=33 (full 0):
 garbage-first heap   total 152576K, used 81281K [0x0000000080000000, 0x0000000100000000)
  region size 1024K, 1 young (1024K), 1 survivors (1024K)
 Metaspace       used 77936K, committed 78528K, reserved 1179648K
  class space    used 10596K, committed 10880K, reserved 1048576K
}
Event: 11.327 GC heap before
{Heap before GC invocations=33 (full 0):
 garbage-first heap   total 152576K, used 123265K [0x0000000080000000, 0x0000000100000000)
  region size 1024K, 42 young (43008K), 1 survivors (1024K)
 Metaspace       used 80275K, committed 80896K, reserved 1179648K
  class space    used 10911K, committed 11200K, reserved 1048576K
}
Event: 11.332 GC heap after
{Heap after GC invocations=34 (full 0):
 garbage-first heap   total 152576K, used 85469K [0x0000000080000000, 0x0000000100000000)
  region size 1024K, 5 young (5120K), 5 survivors (5120K)
 Metaspace       used 80275K, committed 80896K, reserved 1179648K
  class space    used 10911K, committed 11200K, reserved 1048576K
}
Event: 11.701 GC heap before
{Heap before GC invocations=35 (full 0):
 garbage-first heap   total 152576K, used 122333K [0x0000000080000000, 0x0000000100000000)
  region size 1024K, 42 young (43008K), 5 survivors (5120K)
 Metaspace       used 81570K, committed 82176K, reserved 1179648K
  class space    used 11078K, committed 11392K, reserved 1048576K
}
Event: 11.705 GC heap after
{Heap after GC invocations=36 (full 0):
 garbage-first heap   total 152576K, used 86558K [0x0000000080000000, 0x0000000100000000)
  region size 1024K, 3 young (3072K), 3 survivors (3072K)
 Metaspace       used 81570K, committed 82176K, reserved 1179648K
  class space    used 11078K, committed 11392K, reserved 1048576K
}
Event: 11.732 GC heap before
{Heap before GC invocations=36 (full 0):
 garbage-first heap   total 152576K, used 89630K [0x0000000080000000, 0x0000000100000000)
  region size 1024K, 7 young (7168K), 3 survivors (3072K)
 Metaspace       used 81735K, committed 82368K, reserved 1179648K
  class space    used 11112K, committed 11456K, reserved 1048576K
}
Event: 11.734 GC heap after
{Heap after GC invocations=37 (full 0):
 garbage-first heap   total 152576K, used 86507K [0x0000000080000000, 0x0000000100000000)
  region size 1024K, 1 young (1024K), 1 survivors (1024K)
 Metaspace       used 81735K, committed 82368K, reserved 1179648K
  class space    used 11112K, committed 11456K, reserved 1048576K
}
Event: 12.176 GC heap before
{Heap before GC invocations=37 (full 0):
 garbage-first heap   total 152576K, used 125419K [0x0000000080000000, 0x0000000100000000)
  region size 1024K, 38 young (38912K), 1 survivors (1024K)
 Metaspace       used 84384K, committed 84992K, reserved 1179648K
  class space    used 11554K, committed 11840K, reserved 1048576K
}
Event: 12.179 GC heap after
{Heap after GC invocations=38 (full 0):
 garbage-first heap   total 245760K, used 87045K [0x0000000080000000, 0x0000000100000000)
  region size 1024K, 2 young (2048K), 2 survivors (2048K)
 Metaspace       used 84384K, committed 84992K, reserved 1179648K
  class space    used 11554K, committed 11840K, reserved 1048576K
}
Event: 13.292 GC heap before
{Heap before GC invocations=38 (full 0):
 garbage-first heap   total 245760K, used 182277K [0x0000000080000000, 0x0000000100000000)
  region size 1024K, 95 young (97280K), 2 survivors (2048K)
 Metaspace       used 91205K, committed 91904K, reserved 1179648K
  class space    used 12663K, committed 12992K, reserved 1048576K
}
Event: 13.301 GC heap after
{Heap after GC invocations=39 (full 0):
 garbage-first heap   total 245760K, used 91453K [0x0000000080000000, 0x0000000100000000)
  region size 1024K, 6 young (6144K), 6 survivors (6144K)
 Metaspace       used 91205K, committed 91904K, reserved 1179648K
  class space    used 12663K, committed 12992K, reserved 1048576K
}

