# JRE version: OpenJDK Runtime Environment (17.0.11) (build 17.0.11+0--11852314)
# Java VM: OpenJDK 64-Bit Server VM (17.0.11+0--11852314, mixed mode, tiered, compressed oops, compressed class ptrs, g1 gc, windows-amd64)
GC Precious Log:
 CPUs: 6 total, 6 available
 Memory: 7549M
 Large Page Support: Disabled
 NUMA Support: Disabled
 Compressed Oops: Enabled (32-bit)
 Heap Region Size: 1M
 Heap Min Capacity: 8M
 Heap Initial Capacity: 118M
 Heap Max Capacity: 2G
 Pre-touch: Disabled
 Parallel Workers: 6
 Concurrent Workers: 2
 Concurrent Refinement Workers: 6
 Periodic GC: Disabled
Heap:
 garbage-first heap   total 456704K, used 174479K [0x0000000080000000, 0x0000000100000000)
  region size 1024K, 9 young (9216K), 9 survivors (9216K)
 Metaspace       used 129346K, committed 130240K, reserved 1179648K
  class space    used 17983K, committed 18432K, reserved 1048576K
GC Heap History (20 events):
Event: 47.665 GC heap after
{Heap after GC invocations=48 (full 0):
 garbage-first heap   total 187392K, used 112226K [0x0000000080000000, 0x0000000100000000)
  region size 1024K, 5 young (5120K), 5 survivors (5120K)
 Metaspace       used 103596K, committed 104384K, reserved 1179648K
  class space    used 14402K, committed 14784K, reserved 1048576K
}
Event: 47.783 GC heap before
{Heap before GC invocations=49 (full 0):
 garbage-first heap   total 204800K, used 155092K [0x0000000080000000, 0x0000000100000000)
  region size 1024K, 48 young (49152K), 5 survivors (5120K)
 Metaspace       used 104439K, committed 105216K, reserved 1179648K
  class space    used 14474K, committed 14848K, reserved 1048576K
}
Event: 47.787 GC heap after
{Heap after GC invocations=50 (full 0):
 garbage-first heap   total 204800K, used 112816K [0x0000000080000000, 0x0000000100000000)
  region size 1024K, 1 young (1024K), 1 survivors (1024K)
 Metaspace       used 104439K, committed 105216K, reserved 1179648K
  class space    used 14474K, committed 14848K, reserved 1048576K
}
Event: 47.794 GC heap before
{Heap before GC invocations=50 (full 0):
 garbage-first heap   total 204800K, used 122032K [0x0000000080000000, 0x0000000100000000)
  region size 1024K, 10 young (10240K), 1 survivors (1024K)
 Metaspace       used 104441K, committed 105216K, reserved 1179648K
  class space    used 14474K, committed 14848K, reserved 1048576K
}
Event: 47.797 GC heap after
{Heap after GC invocations=51 (full 0):
 garbage-first heap   total 204800K, used 111315K [0x0000000080000000, 0x0000000100000000)
  region size 1024K, 1 young (1024K), 1 survivors (1024K)
 Metaspace       used 104441K, committed 105216K, reserved 1179648K
  class space    used 14474K, committed 14848K, reserved 1048576K
}
Event: 47.850 GC heap before
{Heap before GC invocations=51 (full 0):
 garbage-first heap   total 204800K, used 173779K [0x0000000080000000, 0x0000000100000000)
  region size 1024K, 63 young (64512K), 1 survivors (1024K)
 Metaspace       used 104652K, committed 105408K, reserved 1179648K
  class space    used 14495K, committed 14848K, reserved 1048576K
}
Event: 47.854 GC heap after
{Heap after GC invocations=52 (full 0):
 garbage-first heap   total 456704K, used 112471K [0x0000000080000000, 0x0000000100000000)
  region size 1024K, 3 young (3072K), 3 survivors (3072K)
 Metaspace       used 104652K, committed 105408K, reserved 1179648K
  class space    used 14495K, committed 14848K, reserved 1048576K
}
Event: 49.428 GC heap before
{Heap before GC invocations=52 (full 0):
 garbage-first heap   total 456704K, used 381783K [0x0000000080000000, 0x0000000100000000)
  region size 1024K, 267 young (273408K), 3 survivors (3072K)
 Metaspace       used 106467K, committed 107200K, reserved 1179648K
  class space    used 14648K, committed 14976K, reserved 1048576K
}
Event: 49.450 GC heap after
{Heap after GC invocations=53 (full 0):
 garbage-first heap   total 456704K, used 115154K [0x0000000080000000, 0x0000000100000000)
  region size 1024K, 5 young (5120K), 5 survivors (5120K)
 Metaspace       used 106467K, committed 107200K, reserved 1179648K
  class space    used 14648K, committed 14976K, reserved 1048576K
}
Event: 49.615 GC heap before
{Heap before GC invocations=53 (full 0):
 garbage-first heap   total 456704K, used 156114K [0x0000000080000000, 0x0000000100000000)
  region size 1024K, 45 young (46080K), 5 survivors (5120K)
 Metaspace       used 106486K, committed 107200K, reserved 1179648K
  class space    used 14649K, committed 14976K, reserved 1048576K
}
Event: 49.628 GC heap after
{Heap after GC invocations=54 (full 0):
 garbage-first heap   total 456704K, used 117260K [0x0000000080000000, 0x0000000100000000)
  region size 1024K, 6 young (6144K), 6 survivors (6144K)
 Metaspace       used 106486K, committed 107200K, reserved 1179648K
  class space    used 14649K, committed 14976K, reserved 1048576K
}
Event: 49.951 GC heap before
{Heap before GC invocations=54 (full 0):
 garbage-first heap   total 456704K, used 350732K [0x0000000080000000, 0x0000000100000000)
  region size 1024K, 232 young (237568K), 6 survivors (6144K)
 Metaspace       used 106500K, committed 107200K, reserved 1179648K
  class space    used 14649K, committed 14976K, reserved 1048576K
}
Event: 49.956 GC heap after
{Heap after GC invocations=55 (full 0):
 garbage-first heap   total 456704K, used 122280K [0x0000000080000000, 0x0000000100000000)
  region size 1024K, 10 young (10240K), 10 survivors (10240K)
 Metaspace       used 106500K, committed 107200K, reserved 1179648K
  class space    used 14649K, committed 14976K, reserved 1048576K
}
Event: 51.523 GC heap before
{Heap before GC invocations=55 (full 0):
 garbage-first heap   total 456704K, used 357800K [0x0000000080000000, 0x0000000100000000)
  region size 1024K, 241 young (246784K), 10 survivors (10240K)
 Metaspace       used 108942K, committed 109760K, reserved 1179648K
  class space    used 14954K, committed 15360K, reserved 1048576K
}
Event: 51.535 GC heap after
{Heap after GC invocations=56 (full 0):
 garbage-first heap   total 456704K, used 118791K [0x0000000080000000, 0x0000000100000000)
  region size 1024K, 9 young (9216K), 9 survivors (9216K)
 Metaspace       used 108942K, committed 109760K, reserved 1179648K
  class space    used 14954K, committed 15360K, reserved 1048576K
}
Event: 53.727 GC heap before
{Heap before GC invocations=56 (full 0):
 garbage-first heap   total 456704K, used 364551K [0x0000000080000000, 0x0000000100000000)
  region size 1024K, 250 young (256000K), 9 survivors (9216K)
 Metaspace       used 120394K, committed 121216K, reserved 1179648K
  class space    used 16703K, committed 17088K, reserved 1048576K
}
Event: 53.875 GC heap after
{Heap after GC invocations=57 (full 0):
 garbage-first heap   total 456704K, used 146354K [0x0000000080000000, 0x0000000100000000)
  region size 1024K, 32 young (32768K), 32 survivors (32768K)
 Metaspace       used 120394K, committed 121216K, reserved 1179648K
  class space    used 16703K, committed 17088K, reserved 1048576K
}
Event: 56.183 GC heap before
{Heap before GC invocations=57 (full 0):
 garbage-first heap   total 456704K, used 356274K [0x0000000080000000, 0x0000000100000000)
  region size 1024K, 238 young (243712K), 32 survivors (32768K)
 Metaspace       used 128389K, committed 129280K, reserved 1179648K
  class space    used 17897K, committed 18368K, reserved 1048576K
}
Event: 56.382 GC heap after
{Heap after GC invocations=58 (full 0):
 garbage-first heap   total 456704K, used 166001K [0x0000000080000000, 0x0000000100000000)
  region size 1024K, 20 young (20480K), 20 survivors (20480K)
 Metaspace       used 128389K, committed 129280K, reserved 1179648K
  class space    used 17897K, committed 18368K, reserved 1048576K
}
Event: 57.623 GC heap before
{Heap before GC invocations=58 (full 0):
 garbage-first heap   total 456704K, used 360561K [0x0000000080000000, 0x0000000100000000)
  region size 1024K, 210 young (215040K), 20 survivors (20480K)
 Metaspace       used 129346K, committed 130240K, reserved 1179648K
  class space    used 17983K, committed 18432K, reserved 1048576K
}

