# JRE version: OpenJDK Runtime Environment (17.0.11) (build 17.0.11+0--11852314)
# Java VM: OpenJDK 64-Bit Server VM (17.0.11+0--11852314, mixed mode, tiered, compressed oops, compressed class ptrs, g1 gc, windows-amd64)
GC Precious Log:
 CPUs: 6 total, 6 available
 Memory: 7549M
 Large Page Support: Disabled
 NUMA Support: Disabled
 Compressed Oops: Enabled (32-bit)
 Heap Region Size: 1M
 Heap Min Capacity: 8M
 Heap Initial Capacity: 118M
 Heap Max Capacity: 2G
 Pre-touch: Disabled
 Parallel Workers: 6
 Concurrent Workers: 2
 Concurrent Refinement Workers: 6
 Periodic GC: Disabled
Heap:
 garbage-first heap   total 92160K, used 58626K [0x0000000080000000, 0x0000000100000000)
  region size 1024K, 28 young (28672K), 5 survivors (5120K)
 Metaspace       used 59173K, committed 59648K, reserved 1114112K
  class space    used 8062K, committed 8256K, reserved 1048576K
GC Heap History (20 events):
Event: 16.873 GC heap before
{Heap before GC invocations=4 (full 0):
 garbage-first heap   total 68608K, used 51200K [0x0000000080000000, 0x0000000100000000)
  region size 1024K, 40 young (40960K), 8 survivors (8192K)
 Metaspace       used 26305K, committed 26560K, reserved 1114112K
  class space    used 3350K, committed 3456K, reserved 1048576K
}
Event: 16.878 GC heap after
{Heap after GC invocations=5 (full 0):
 garbage-first heap   total 68608K, used 21339K [0x0000000080000000, 0x0000000100000000)
  region size 1024K, 2 young (2048K), 2 survivors (2048K)
 Metaspace       used 26305K, committed 26560K, reserved 1114112K
  class space    used 3350K, committed 3456K, reserved 1048576K
}
Event: 16.895 GC heap before
{Heap before GC invocations=5 (full 0):
 garbage-first heap   total 68608K, used 22363K [0x0000000080000000, 0x0000000100000000)
  region size 1024K, 3 young (3072K), 2 survivors (2048K)
 Metaspace       used 26430K, committed 26752K, reserved 1114112K
  class space    used 3374K, committed 3520K, reserved 1048576K
}
Event: 16.896 GC heap after
{Heap after GC invocations=6 (full 0):
 garbage-first heap   total 68608K, used 21229K [0x0000000080000000, 0x0000000100000000)
  region size 1024K, 1 young (1024K), 1 survivors (1024K)
 Metaspace       used 26430K, committed 26752K, reserved 1114112K
  class space    used 3374K, committed 3520K, reserved 1048576K
}
Event: 17.279 GC heap before
{Heap before GC invocations=6 (full 0):
 garbage-first heap   total 68608K, used 47853K [0x0000000080000000, 0x0000000100000000)
  region size 1024K, 27 young (27648K), 1 survivors (1024K)
 Metaspace       used 30008K, committed 30400K, reserved 1114112K
  class space    used 3958K, committed 4160K, reserved 1048576K
}
Event: 17.283 GC heap after
{Heap after GC invocations=7 (full 0):
 garbage-first heap   total 68608K, used 22663K [0x0000000080000000, 0x0000000100000000)
  region size 1024K, 2 young (2048K), 2 survivors (2048K)
 Metaspace       used 30008K, committed 30400K, reserved 1114112K
  class space    used 3958K, committed 4160K, reserved 1048576K
}
Event: 17.641 GC heap before
{Heap before GC invocations=7 (full 0):
 garbage-first heap   total 68608K, used 49287K [0x0000000080000000, 0x0000000100000000)
  region size 1024K, 28 young (28672K), 2 survivors (2048K)
 Metaspace       used 33397K, committed 33728K, reserved 1114112K
  class space    used 4530K, committed 4672K, reserved 1048576K
}
Event: 17.643 GC heap after
{Heap after GC invocations=8 (full 0):
 garbage-first heap   total 68608K, used 23810K [0x0000000080000000, 0x0000000100000000)
  region size 1024K, 3 young (3072K), 3 survivors (3072K)
 Metaspace       used 33397K, committed 33728K, reserved 1114112K
  class space    used 4530K, committed 4672K, reserved 1048576K
}
Event: 17.824 GC heap before
{Heap before GC invocations=8 (full 0):
 garbage-first heap   total 68608K, used 38146K [0x0000000080000000, 0x0000000100000000)
  region size 1024K, 19 young (19456K), 3 survivors (3072K)
 Metaspace       used 35685K, committed 35968K, reserved 1114112K
  class space    used 4862K, committed 4992K, reserved 1048576K
}
Event: 17.827 GC heap after
{Heap after GC invocations=9 (full 0):
 garbage-first heap   total 68608K, used 24494K [0x0000000080000000, 0x0000000100000000)
  region size 1024K, 2 young (2048K), 2 survivors (2048K)
 Metaspace       used 35685K, committed 35968K, reserved 1114112K
  class space    used 4862K, committed 4992K, reserved 1048576K
}
Event: 18.164 GC heap before
{Heap before GC invocations=10 (full 0):
 garbage-first heap   total 68608K, used 51118K [0x0000000080000000, 0x0000000100000000)
  region size 1024K, 29 young (29696K), 2 survivors (2048K)
 Metaspace       used 41292K, committed 41664K, reserved 1114112K
  class space    used 5471K, committed 5632K, reserved 1048576K
}
Event: 18.168 GC heap after
{Heap after GC invocations=11 (full 0):
 garbage-first heap   total 68608K, used 28120K [0x0000000080000000, 0x0000000100000000)
  region size 1024K, 4 young (4096K), 4 survivors (4096K)
 Metaspace       used 41292K, committed 41664K, reserved 1114112K
  class space    used 5471K, committed 5632K, reserved 1048576K
}
Event: 18.329 GC heap before
{Heap before GC invocations=11 (full 0):
 garbage-first heap   total 68608K, used 52696K [0x0000000080000000, 0x0000000100000000)
  region size 1024K, 28 young (28672K), 4 survivors (4096K)
 Metaspace       used 42393K, committed 42752K, reserved 1114112K
  class space    used 5646K, committed 5824K, reserved 1048576K
}
Event: 18.334 GC heap after
{Heap after GC invocations=12 (full 0):
 garbage-first heap   total 68608K, used 30411K [0x0000000080000000, 0x0000000100000000)
  region size 1024K, 3 young (3072K), 3 survivors (3072K)
 Metaspace       used 42393K, committed 42752K, reserved 1114112K
  class space    used 5646K, committed 5824K, reserved 1048576K
}
Event: 18.724 GC heap before
{Heap before GC invocations=12 (full 0):
 garbage-first heap   total 68608K, used 51915K [0x0000000080000000, 0x0000000100000000)
  region size 1024K, 25 young (25600K), 3 survivors (3072K)
 Metaspace       used 44413K, committed 44864K, reserved 1114112K
  class space    used 5967K, committed 6208K, reserved 1048576K
}
Event: 18.727 GC heap after
{Heap after GC invocations=13 (full 0):
 garbage-first heap   total 92160K, used 31758K [0x0000000080000000, 0x0000000100000000)
  region size 1024K, 4 young (4096K), 4 survivors (4096K)
 Metaspace       used 44413K, committed 44864K, reserved 1114112K
  class space    used 5967K, committed 6208K, reserved 1048576K
}
Event: 19.264 GC heap before
{Heap before GC invocations=13 (full 0):
 garbage-first heap   total 92160K, used 71694K [0x0000000080000000, 0x0000000100000000)
  region size 1024K, 43 young (44032K), 4 survivors (4096K)
 Metaspace       used 49588K, committed 50048K, reserved 1114112K
  class space    used 6798K, committed 7040K, reserved 1048576K
}
Event: 19.268 GC heap after
{Heap after GC invocations=14 (full 0):
 garbage-first heap   total 92160K, used 33993K [0x0000000080000000, 0x0000000100000000)
  region size 1024K, 4 young (4096K), 4 survivors (4096K)
 Metaspace       used 49588K, committed 50048K, reserved 1114112K
  class space    used 6798K, committed 7040K, reserved 1048576K
}
Event: 20.177 GC heap before
{Heap before GC invocations=14 (full 0):
 garbage-first heap   total 92160K, used 73929K [0x0000000080000000, 0x0000000100000000)
  region size 1024K, 42 young (43008K), 4 survivors (4096K)
 Metaspace       used 54619K, committed 55168K, reserved 1114112K
  class space    used 7498K, committed 7808K, reserved 1048576K
}
Event: 20.181 GC heap after
{Heap after GC invocations=15 (full 0):
 garbage-first heap   total 92160K, used 36098K [0x0000000080000000, 0x0000000100000000)
  region size 1024K, 5 young (5120K), 5 survivors (5120K)
 Metaspace       used 54619K, committed 55168K, reserved 1114112K
  class space    used 7498K, committed 7808K, reserved 1048576K
}

