# JRE version: OpenJDK Runtime Environment (17.0.11) (build 17.0.11+0--11852314)
# Java VM: OpenJDK 64-Bit Server VM (17.0.11+0--11852314, mixed mode, tiered, compressed oops, compressed class ptrs, g1 gc, windows-amd64)
GC Precious Log:
 CPUs: 6 total, 6 available
 Memory: 7549M
 Large Page Support: Disabled
 NUMA Support: Disabled
 Compressed Oops: Enabled (32-bit)
 Heap Region Size: 1M
 Heap Min Capacity: 8M
 Heap Initial Capacity: 118M
 Heap Max Capacity: 2G
 Pre-touch: Disabled
 Parallel Workers: 6
 Concurrent Workers: 2
 Concurrent Refinement Workers: 6
 Periodic GC: Disabled
Heap:
 garbage-first heap   total 416768K, used 221866K [0x0000000080000000, 0x0000000100000000)
  region size 1024K, 82 young (83968K), 13 survivors (13312K)
 Metaspace       used 111093K, committed 111936K, reserved 1179648K
  class space    used 15024K, committed 15424K, reserved 1048576K
GC Heap History (20 events):
Event: 23.533 GC heap before
{Heap before GC invocations=57 (full 0):
 garbage-first heap   total 179200K, used 150939K [0x0000000080000000, 0x0000000100000000)
  region size 1024K, 50 young (51200K), 3 survivors (3072K)
 Metaspace       used 104121K, committed 104960K, reserved 1179648K
  class space    used 14381K, committed 14784K, reserved 1048576K
}
Event: 23.537 GC heap after
{Heap after GC invocations=58 (full 0):
 garbage-first heap   total 179200K, used 103914K [0x0000000080000000, 0x0000000100000000)
  region size 1024K, 7 young (7168K), 7 survivors (7168K)
 Metaspace       used 104121K, committed 104960K, reserved 1179648K
  class space    used 14381K, committed 14784K, reserved 1048576K
}
Event: 23.670 GC heap before
{Heap before GC invocations=58 (full 0):
 garbage-first heap   total 179200K, used 114154K [0x0000000080000000, 0x0000000100000000)
  region size 1024K, 19 young (19456K), 7 survivors (7168K)
 Metaspace       used 104159K, committed 105024K, reserved 1179648K
  class space    used 14381K, committed 14784K, reserved 1048576K
}
Event: 23.676 GC heap after
{Heap after GC invocations=59 (full 0):
 garbage-first heap   total 179200K, used 108326K [0x0000000080000000, 0x0000000100000000)
  region size 1024K, 5 young (5120K), 5 survivors (5120K)
 Metaspace       used 104159K, committed 105024K, reserved 1179648K
  class space    used 14381K, committed 14784K, reserved 1048576K
}
Event: 23.953 GC heap before
{Heap before GC invocations=60 (full 0):
 garbage-first heap   total 208896K, used 150310K [0x0000000080000000, 0x0000000100000000)
  region size 1024K, 38 young (38912K), 5 survivors (5120K)
 Metaspace       used 104472K, committed 105280K, reserved 1179648K
  class space    used 14407K, committed 14784K, reserved 1048576K
}
Event: 23.964 GC heap after
{Heap after GC invocations=61 (full 0):
 garbage-first heap   total 208896K, used 126310K [0x0000000080000000, 0x0000000100000000)
  region size 1024K, 5 young (5120K), 5 survivors (5120K)
 Metaspace       used 104472K, committed 105280K, reserved 1179648K
  class space    used 14407K, committed 14784K, reserved 1048576K
}
Event: 24.120 GC heap before
{Heap before GC invocations=61 (full 0):
 garbage-first heap   total 208896K, used 138598K [0x0000000080000000, 0x0000000100000000)
  region size 1024K, 19 young (19456K), 5 survivors (5120K)
 Metaspace       used 105044K, committed 105856K, reserved 1179648K
  class space    used 14471K, committed 14848K, reserved 1048576K
}
Event: 24.126 GC heap after
{Heap after GC invocations=62 (full 0):
 garbage-first heap   total 208896K, used 128420K [0x0000000080000000, 0x0000000100000000)
  region size 1024K, 2 young (2048K), 2 survivors (2048K)
 Metaspace       used 105044K, committed 105856K, reserved 1179648K
  class space    used 14471K, committed 14848K, reserved 1048576K
}
Event: 24.547 GC heap before
{Heap before GC invocations=63 (full 0):
 garbage-first heap   total 235520K, used 170404K [0x0000000080000000, 0x0000000100000000)
  region size 1024K, 35 young (35840K), 2 survivors (2048K)
 Metaspace       used 105218K, committed 106048K, reserved 1179648K
  class space    used 14479K, committed 14848K, reserved 1048576K
}
Event: 24.553 GC heap after
{Heap after GC invocations=64 (full 0):
 garbage-first heap   total 235520K, used 131393K [0x0000000080000000, 0x0000000100000000)
  region size 1024K, 5 young (5120K), 5 survivors (5120K)
 Metaspace       used 105218K, committed 106048K, reserved 1179648K
  class space    used 14479K, committed 14848K, reserved 1048576K
}
Event: 24.600 GC heap before
{Heap before GC invocations=64 (full 0):
 garbage-first heap   total 235520K, used 137537K [0x0000000080000000, 0x0000000100000000)
  region size 1024K, 11 young (11264K), 5 survivors (5120K)
 Metaspace       used 105244K, committed 106048K, reserved 1179648K
  class space    used 14483K, committed 14848K, reserved 1048576K
}
Event: 24.609 GC heap after
{Heap after GC invocations=65 (full 0):
 garbage-first heap   total 235520K, used 135280K [0x0000000080000000, 0x0000000100000000)
  region size 1024K, 2 young (2048K), 2 survivors (2048K)
 Metaspace       used 105244K, committed 106048K, reserved 1179648K
  class space    used 14483K, committed 14848K, reserved 1048576K
}
Event: 24.620 GC heap before
{Heap before GC invocations=65 (full 0):
 garbage-first heap   total 235520K, used 136304K [0x0000000080000000, 0x0000000100000000)
  region size 1024K, 5 young (5120K), 2 survivors (2048K)
 Metaspace       used 105245K, committed 106048K, reserved 1179648K
  class space    used 14483K, committed 14848K, reserved 1048576K
}
Event: 24.624 GC heap after
{Heap after GC invocations=66 (full 0):
 garbage-first heap   total 235520K, used 136880K [0x0000000080000000, 0x0000000100000000)
  region size 1024K, 4 young (4096K), 4 survivors (4096K)
 Metaspace       used 105245K, committed 106048K, reserved 1179648K
  class space    used 14483K, committed 14848K, reserved 1048576K
}
Event: 24.997 GC heap before
{Heap before GC invocations=67 (full 0):
 garbage-first heap   total 265216K, used 183984K [0x0000000080000000, 0x0000000100000000)
  region size 1024K, 33 young (33792K), 4 survivors (4096K)
 Metaspace       used 105591K, committed 106496K, reserved 1179648K
  class space    used 14509K, committed 14912K, reserved 1048576K
}
Event: 25.008 GC heap after
{Heap after GC invocations=68 (full 0):
 garbage-first heap   total 265216K, used 140810K [0x0000000080000000, 0x0000000100000000)
  region size 1024K, 5 young (5120K), 5 survivors (5120K)
 Metaspace       used 105591K, committed 106496K, reserved 1179648K
  class space    used 14509K, committed 14912K, reserved 1048576K
}
Event: 25.029 GC heap before
{Heap before GC invocations=68 (full 0):
 garbage-first heap   total 265216K, used 147978K [0x0000000080000000, 0x0000000100000000)
  region size 1024K, 12 young (12288K), 5 survivors (5120K)
 Metaspace       used 105661K, committed 106496K, reserved 1179648K
  class space    used 14518K, committed 14912K, reserved 1048576K
}
Event: 25.036 GC heap after
{Heap after GC invocations=69 (full 0):
 garbage-first heap   total 416768K, used 141827K [0x0000000080000000, 0x0000000100000000)
  region size 1024K, 2 young (2048K), 2 survivors (2048K)
 Metaspace       used 105661K, committed 106496K, reserved 1179648K
  class space    used 14518K, committed 14912K, reserved 1048576K
}
Event: 25.791 GC heap before
{Heap before GC invocations=69 (full 0):
 garbage-first heap   total 416768K, used 250371K [0x0000000080000000, 0x0000000100000000)
  region size 1024K, 107 young (109568K), 2 survivors (2048K)
 Metaspace       used 109708K, committed 110464K, reserved 1179648K
  class space    used 14881K, committed 15232K, reserved 1048576K
}
Event: 25.808 GC heap after
{Heap after GC invocations=70 (full 0):
 garbage-first heap   total 416768K, used 153258K [0x0000000080000000, 0x0000000100000000)
  region size 1024K, 13 young (13312K), 13 survivors (13312K)
 Metaspace       used 109708K, committed 110464K, reserved 1179648K
  class space    used 14881K, committed 15232K, reserved 1048576K
}

