# JRE version: OpenJDK Runtime Environment (17.0.11) (build 17.0.11+0--11852314)
# Java VM: OpenJDK 64-Bit Server VM (17.0.11+0--11852314, mixed mode, tiered, compressed oops, compressed class ptrs, g1 gc, windows-amd64)
GC Precious Log:
 CPUs: 6 total, 6 available
 Memory: 7549M
 Large Page Support: Disabled
 NUMA Support: Disabled
 Compressed Oops: Enabled (32-bit)
 Heap Region Size: 1M
 Heap Min Capacity: 8M
 Heap Initial Capacity: 118M
 Heap Max Capacity: 2G
 Pre-touch: Disabled
 Parallel Workers: 6
 Concurrent Workers: 2
 Concurrent Refinement Workers: 6
 Periodic GC: Disabled
Heap:
 garbage-first heap   total 195584K, used 123795K [0x0000000080000000, 0x0000000100000000)
  region size 1024K, 13 young (13312K), 4 survivors (4096K)
 Metaspace       used 111055K, committed 111872K, reserved 1179648K
  class space    used 15391K, committed 15808K, reserved 1048576K
GC Heap History (20 events):
Event: 21.710 GC heap before
{Heap before GC invocations=49 (full 0):
 garbage-first heap   total 135168K, used 116673K [0x0000000080000000, 0x0000000100000000)
  region size 1024K, 22 young (22528K), 1 survivors (1024K)
 Metaspace       used 101752K, committed 102464K, reserved 1179648K
  class space    used 14095K, committed 14400K, reserved 1048576K
}
Event: 21.713 GC heap after
{Heap after GC invocations=50 (full 0):
 garbage-first heap   total 162816K, used 95952K [0x0000000080000000, 0x0000000100000000)
  region size 1024K, 2 young (2048K), 2 survivors (2048K)
 Metaspace       used 101752K, committed 102464K, reserved 1179648K
  class space    used 14095K, committed 14400K, reserved 1048576K
}
Event: 22.211 GC heap before
{Heap before GC invocations=50 (full 0):
 garbage-first heap   total 162816K, used 136912K [0x0000000080000000, 0x0000000100000000)
  region size 1024K, 43 young (44032K), 2 survivors (2048K)
 Metaspace       used 104200K, committed 104896K, reserved 1179648K
  class space    used 14410K, committed 14720K, reserved 1048576K
}
Event: 22.222 GC heap after
{Heap after GC invocations=51 (full 0):
 garbage-first heap   total 162816K, used 99154K [0x0000000080000000, 0x0000000100000000)
  region size 1024K, 5 young (5120K), 5 survivors (5120K)
 Metaspace       used 104200K, committed 104896K, reserved 1179648K
  class space    used 14410K, committed 14720K, reserved 1048576K
}
Event: 23.030 GC heap before
{Heap before GC invocations=51 (full 0):
 garbage-first heap   total 162816K, used 138066K [0x0000000080000000, 0x0000000100000000)
  region size 1024K, 43 young (44032K), 5 survivors (5120K)
 Metaspace       used 106202K, committed 106944K, reserved 1179648K
  class space    used 14730K, committed 15040K, reserved 1048576K
}
Event: 23.040 GC heap after
{Heap after GC invocations=52 (full 0):
 garbage-first heap   total 162816K, used 104373K [0x0000000080000000, 0x0000000100000000)
  region size 1024K, 6 young (6144K), 6 survivors (6144K)
 Metaspace       used 106202K, committed 106944K, reserved 1179648K
  class space    used 14730K, committed 15040K, reserved 1048576K
}
Event: 23.324 GC heap before
{Heap before GC invocations=52 (full 0):
 garbage-first heap   total 162816K, used 136117K [0x0000000080000000, 0x0000000100000000)
  region size 1024K, 37 young (37888K), 6 survivors (6144K)
 Metaspace       used 106263K, committed 107072K, reserved 1179648K
  class space    used 14734K, committed 15104K, reserved 1048576K
}
Event: 23.330 GC heap after
{Heap after GC invocations=53 (full 0):
 garbage-first heap   total 162816K, used 105228K [0x0000000080000000, 0x0000000100000000)
  region size 1024K, 3 young (3072K), 3 survivors (3072K)
 Metaspace       used 106263K, committed 107072K, reserved 1179648K
  class space    used 14734K, committed 15104K, reserved 1048576K
}
Event: 23.921 GC heap before
{Heap before GC invocations=53 (full 0):
 garbage-first heap   total 162816K, used 135948K [0x0000000080000000, 0x0000000100000000)
  region size 1024K, 34 young (34816K), 3 survivors (3072K)
 Metaspace       used 106718K, committed 107520K, reserved 1179648K
  class space    used 14803K, committed 15168K, reserved 1048576K
}
Event: 23.925 GC heap after
{Heap after GC invocations=54 (full 0):
 garbage-first heap   total 162816K, used 106411K [0x0000000080000000, 0x0000000100000000)
  region size 1024K, 4 young (4096K), 4 survivors (4096K)
 Metaspace       used 106718K, committed 107520K, reserved 1179648K
  class space    used 14803K, committed 15168K, reserved 1048576K
}
Event: 24.521 GC heap before
{Heap before GC invocations=54 (full 0):
 garbage-first heap   total 162816K, used 135083K [0x0000000080000000, 0x0000000100000000)
  region size 1024K, 33 young (33792K), 4 survivors (4096K)
 Metaspace       used 107093K, committed 107840K, reserved 1179648K
  class space    used 14850K, committed 15232K, reserved 1048576K
}
Event: 24.525 GC heap after
{Heap after GC invocations=55 (full 0):
 garbage-first heap   total 162816K, used 108443K [0x0000000080000000, 0x0000000100000000)
  region size 1024K, 4 young (4096K), 4 survivors (4096K)
 Metaspace       used 107093K, committed 107840K, reserved 1179648K
  class space    used 14850K, committed 15232K, reserved 1048576K
}
Event: 24.603 GC heap before
{Heap before GC invocations=55 (full 0):
 garbage-first heap   total 162816K, used 136091K [0x0000000080000000, 0x0000000100000000)
  region size 1024K, 31 young (31744K), 4 survivors (4096K)
 Metaspace       used 107094K, committed 107840K, reserved 1179648K
  class space    used 14850K, committed 15232K, reserved 1048576K
}
Event: 24.606 GC heap after
{Heap after GC invocations=56 (full 0):
 garbage-first heap   total 162816K, used 109157K [0x0000000080000000, 0x0000000100000000)
  region size 1024K, 3 young (3072K), 3 survivors (3072K)
 Metaspace       used 107094K, committed 107840K, reserved 1179648K
  class space    used 14850K, committed 15232K, reserved 1048576K
}
Event: 24.867 GC heap before
{Heap before GC invocations=56 (full 0):
 garbage-first heap   total 162816K, used 136805K [0x0000000080000000, 0x0000000100000000)
  region size 1024K, 30 young (30720K), 3 survivors (3072K)
 Metaspace       used 107345K, committed 108160K, reserved 1179648K
  class space    used 14884K, committed 15296K, reserved 1048576K
}
Event: 24.872 GC heap after
{Heap after GC invocations=57 (full 0):
 garbage-first heap   total 195584K, used 110419K [0x0000000080000000, 0x0000000100000000)
  region size 1024K, 4 young (4096K), 4 survivors (4096K)
 Metaspace       used 107345K, committed 108160K, reserved 1179648K
  class space    used 14884K, committed 15296K, reserved 1048576K
}
Event: 25.715 GC heap before
{Heap before GC invocations=57 (full 0):
 garbage-first heap   total 195584K, used 159571K [0x0000000080000000, 0x0000000100000000)
  region size 1024K, 53 young (54272K), 4 survivors (4096K)
 Metaspace       used 109861K, committed 110720K, reserved 1179648K
  class space    used 15202K, committed 15616K, reserved 1048576K
}
Event: 25.721 GC heap after
{Heap after GC invocations=58 (full 0):
 garbage-first heap   total 195584K, used 113678K [0x0000000080000000, 0x0000000100000000)
  region size 1024K, 7 young (7168K), 7 survivors (7168K)
 Metaspace       used 109861K, committed 110720K, reserved 1179648K
  class space    used 15202K, committed 15616K, reserved 1048576K
}
Event: 26.154 GC heap before
{Heap before GC invocations=58 (full 0):
 garbage-first heap   total 195584K, used 158734K [0x0000000080000000, 0x0000000100000000)
  region size 1024K, 52 young (53248K), 7 survivors (7168K)
 Metaspace       used 110917K, committed 111744K, reserved 1179648K
  class space    used 15368K, committed 15808K, reserved 1048576K
}
Event: 26.161 GC heap after
{Heap after GC invocations=59 (full 0):
 garbage-first heap   total 195584K, used 115603K [0x0000000080000000, 0x0000000100000000)
  region size 1024K, 4 young (4096K), 4 survivors (4096K)
 Metaspace       used 110917K, committed 111744K, reserved 1179648K
  class space    used 15368K, committed 15808K, reserved 1048576K
}

