# JRE version: OpenJDK Runtime Environment (17.0.11) (build 17.0.11+0--11852314)
# Java VM: OpenJDK 64-Bit Server VM (17.0.11+0--11852314, mixed mode, tiered, compressed oops, compressed class ptrs, g1 gc, windows-amd64)
GC Precious Log:
 CPUs: 6 total, 6 available
 Memory: 7549M
 Large Page Support: Disabled
 NUMA Support: Disabled
 Compressed Oops: Enabled (32-bit)
 Heap Region Size: 1M
 Heap Min Capacity: 8M
 Heap Initial Capacity: 118M
 Heap Max Capacity: 2G
 Pre-touch: Disabled
 Parallel Workers: 6
 Concurrent Workers: 2
 Concurrent Refinement Workers: 6
 Periodic GC: Disabled
Heap:
 garbage-first heap   total 264192K, used 198969K [0x0000000080000000, 0x0000000100000000)
  region size 1024K, 121 young (123904K), 7 survivors (7168K)
 Metaspace       used 91099K, committed 91776K, reserved 1179648K
  class space    used 12615K, committed 12928K, reserved 1048576K
GC Heap History (20 events):
Event: 25.619 GC heap before
{Heap before GC invocations=21 (full 0):
 garbage-first heap   total 109568K, used 73159K [0x0000000080000000, 0x0000000100000000)
  region size 1024K, 12 young (12288K), 1 survivors (1024K)
 Metaspace       used 59516K, committed 60096K, reserved 1114112K
  class space    used 8114K, committed 8384K, reserved 1048576K
}
Event: 25.621 GC heap after
{Heap after GC invocations=22 (full 0):
 garbage-first heap   total 109568K, used 63228K [0x0000000080000000, 0x0000000100000000)
  region size 1024K, 1 young (1024K), 1 survivors (1024K)
 Metaspace       used 59516K, committed 60096K, reserved 1114112K
  class space    used 8114K, committed 8384K, reserved 1048576K
}
Event: 25.683 GC heap before
{Heap before GC invocations=22 (full 0):
 garbage-first heap   total 109568K, used 66300K [0x0000000080000000, 0x0000000100000000)
  region size 1024K, 5 young (5120K), 1 survivors (1024K)
 Metaspace       used 59824K, committed 60416K, reserved 1114112K
  class space    used 8157K, committed 8448K, reserved 1048576K
}
Event: 25.685 GC heap after
{Heap after GC invocations=23 (full 0):
 garbage-first heap   total 109568K, used 62733K [0x0000000080000000, 0x0000000100000000)
  region size 1024K, 1 young (1024K), 1 survivors (1024K)
 Metaspace       used 59824K, committed 60416K, reserved 1114112K
  class space    used 8157K, committed 8448K, reserved 1048576K
}
Event: 26.214 GC heap before
{Heap before GC invocations=23 (full 0):
 garbage-first heap   total 109568K, used 87309K [0x0000000080000000, 0x0000000100000000)
  region size 1024K, 26 young (26624K), 1 survivors (1024K)
 Metaspace       used 62171K, committed 62720K, reserved 1114112K
  class space    used 8425K, committed 8704K, reserved 1048576K
}
Event: 26.216 GC heap after
{Heap after GC invocations=24 (full 0):
 garbage-first heap   total 132096K, used 63357K [0x0000000080000000, 0x0000000100000000)
  region size 1024K, 2 young (2048K), 2 survivors (2048K)
 Metaspace       used 62171K, committed 62720K, reserved 1114112K
  class space    used 8425K, committed 8704K, reserved 1048576K
}
Event: 26.810 GC heap before
{Heap before GC invocations=25 (full 0):
 garbage-first heap   total 132096K, used 104317K [0x0000000080000000, 0x0000000100000000)
  region size 1024K, 42 young (43008K), 2 survivors (2048K)
 Metaspace       used 67255K, committed 67840K, reserved 1114112K
  class space    used 9103K, committed 9408K, reserved 1048576K
}
Event: 26.812 GC heap after
{Heap after GC invocations=26 (full 0):
 garbage-first heap   total 132096K, used 65022K [0x0000000080000000, 0x0000000100000000)
  region size 1024K, 3 young (3072K), 3 survivors (3072K)
 Metaspace       used 67255K, committed 67840K, reserved 1114112K
  class space    used 9103K, committed 9408K, reserved 1048576K
}
Event: 26.823 GC heap before
{Heap before GC invocations=26 (full 0):
 garbage-first heap   total 132096K, used 68094K [0x0000000080000000, 0x0000000100000000)
  region size 1024K, 6 young (6144K), 3 survivors (3072K)
 Metaspace       used 67257K, committed 67904K, reserved 1114112K
  class space    used 9104K, committed 9408K, reserved 1048576K
}
Event: 26.826 GC heap after
{Heap after GC invocations=27 (full 0):
 garbage-first heap   total 132096K, used 66838K [0x0000000080000000, 0x0000000100000000)
  region size 1024K, 1 young (1024K), 1 survivors (1024K)
 Metaspace       used 67257K, committed 67904K, reserved 1114112K
  class space    used 9104K, committed 9408K, reserved 1048576K
}
Event: 27.253 GC heap before
{Heap before GC invocations=27 (full 0):
 garbage-first heap   total 132096K, used 110870K [0x0000000080000000, 0x0000000100000000)
  region size 1024K, 40 young (40960K), 1 survivors (1024K)
 Metaspace       used 69580K, committed 70144K, reserved 1114112K
  class space    used 9425K, committed 9728K, reserved 1048576K
}
Event: 27.256 GC heap after
{Heap after GC invocations=28 (full 0):
 garbage-first heap   total 132096K, used 69909K [0x0000000080000000, 0x0000000100000000)
  region size 1024K, 4 young (4096K), 4 survivors (4096K)
 Metaspace       used 69580K, committed 70144K, reserved 1114112K
  class space    used 9425K, committed 9728K, reserved 1048576K
}
Event: 27.759 GC heap before
{Heap before GC invocations=29 (full 0):
 garbage-first heap   total 132096K, used 107797K [0x0000000080000000, 0x0000000100000000)
  region size 1024K, 41 young (41984K), 4 survivors (4096K)
 Metaspace       used 73060K, committed 73600K, reserved 1114112K
  class space    used 9885K, committed 10176K, reserved 1048576K
}
Event: 27.763 GC heap after
{Heap after GC invocations=30 (full 0):
 garbage-first heap   total 132096K, used 72408K [0x0000000080000000, 0x0000000100000000)
  region size 1024K, 6 young (6144K), 6 survivors (6144K)
 Metaspace       used 73060K, committed 73600K, reserved 1114112K
  class space    used 9885K, committed 10176K, reserved 1048576K
}
Event: 27.783 GC heap before
{Heap before GC invocations=30 (full 0):
 garbage-first heap   total 132096K, used 76504K [0x0000000080000000, 0x0000000100000000)
  region size 1024K, 7 young (7168K), 6 survivors (6144K)
 Metaspace       used 73183K, committed 73728K, reserved 1114112K
  class space    used 9897K, committed 10176K, reserved 1048576K
}
Event: 27.787 GC heap after
{Heap after GC invocations=31 (full 0):
 garbage-first heap   total 132096K, used 76604K [0x0000000080000000, 0x0000000100000000)
  region size 1024K, 1 young (1024K), 1 survivors (1024K)
 Metaspace       used 73183K, committed 73728K, reserved 1114112K
  class space    used 9897K, committed 10176K, reserved 1048576K
}
Event: 28.213 GC heap before
{Heap before GC invocations=31 (full 0):
 garbage-first heap   total 132096K, used 108348K [0x0000000080000000, 0x0000000100000000)
  region size 1024K, 32 young (32768K), 1 survivors (1024K)
 Metaspace       used 76207K, committed 76800K, reserved 1179648K
  class space    used 10337K, committed 10624K, reserved 1048576K
}
Event: 28.215 GC heap after
{Heap after GC invocations=32 (full 0):
 garbage-first heap   total 264192K, used 77414K [0x0000000080000000, 0x0000000100000000)
  region size 1024K, 2 young (2048K), 2 survivors (2048K)
 Metaspace       used 76207K, committed 76800K, reserved 1179648K
  class space    used 10337K, committed 10624K, reserved 1048576K
}
Event: 37.176 GC heap before
{Heap before GC invocations=32 (full 0):
 garbage-first heap   total 264192K, used 176742K [0x0000000080000000, 0x0000000100000000)
  region size 1024K, 100 young (102400K), 2 survivors (2048K)
 Metaspace       used 82762K, committed 83392K, reserved 1179648K
  class space    used 11232K, committed 11520K, reserved 1048576K
}
Event: 37.187 GC heap after
{Heap after GC invocations=33 (full 0):
 garbage-first heap   total 264192K, used 82233K [0x0000000080000000, 0x0000000100000000)
  region size 1024K, 7 young (7168K), 7 survivors (7168K)
 Metaspace       used 82762K, committed 83392K, reserved 1179648K
  class space    used 11232K, committed 11520K, reserved 1048576K
}

